<?xml version="1.0" encoding="UTF-8"?>
<testsuites name="jest tests" tests="2" failures="1" errors="0" time="0.864">
  <testsuite name="sum module" errors="0" failures="1" skipped="0" timestamp="2023-06-02T14:28:33" time="0.833" tests="2">
    <testcase classname="sum module adds 1 + 2 to equal 3" name="sum module adds 1 + 2 to equal 3" time="0.001">
    </testcase>
    <testcase classname="sum module adds 1 + 2 to equal 3 - fail" name="sum module adds 1 + 2 to equal 3 - fail" time="0.002">
      <failure>Error: expect(received).toBe(expected) // Object.is equality

Expected: 3
Received: 4
    at Object.&lt;anonymous&gt; (/home/higor/www/git-actions-unit-test/__tests__/sum.unit.spec.ts:11:23)
    at Promise.then.completed (/home/higor/www/git-actions-unit-test/node_modules/jest-circus/build/utils.js:293:28)
    at new Promise (&lt;anonymous&gt;)
    at callAsyncCircusFn (/home/higor/www/git-actions-unit-test/node_modules/jest-circus/build/utils.js:226:10)
    at _callCircusTest (/home/higor/www/git-actions-unit-test/node_modules/jest-circus/build/run.js:297:40)
    at processTicksAndRejections (node:internal/process/task_queues:95:5)
    at _runTest (/home/higor/www/git-actions-unit-test/node_modules/jest-circus/build/run.js:233:3)
    at _runTestsForDescribeBlock (/home/higor/www/git-actions-unit-test/node_modules/jest-circus/build/run.js:135:9)
    at _runTestsForDescribeBlock (/home/higor/www/git-actions-unit-test/node_modules/jest-circus/build/run.js:130:9)
    at run (/home/higor/www/git-actions-unit-test/node_modules/jest-circus/build/run.js:68:3)
    at runAndTransformResultsToJestFormat (/home/higor/www/git-actions-unit-test/node_modules/jest-circus/build/legacy-code-todo-rewrite/jestAdapterInit.js:122:21)
    at jestAdapter (/home/higor/www/git-actions-unit-test/node_modules/jest-circus/build/legacy-code-todo-rewrite/jestAdapter.js:79:19)
    at runTestInternal (/home/higor/www/git-actions-unit-test/node_modules/jest-runner/build/runTest.js:367:16)
    at runTest (/home/higor/www/git-actions-unit-test/node_modules/jest-runner/build/runTest.js:444:34)</failure>
    </testcase>
  </testsuite>
</testsuites>